2026-01-12 18:53:26 Cart Before Refresh: Array
(
    [19] => Array
        (
            [product_id] => 19
            [name] => NBA Silikonarmband Set
            [slug] => nba-silikon-armband-set
            [price] => 9.99
            [original_price] => 12.99
            [image] => images/nba-silikon-armband-set.png
            [quantity] => 1
            [stock] => 300
        )

)

2026-01-12 18:53:26 Cart After Refresh: Array
(
    [19] => Array
        (
            [product_id] => 19
            [name] => NBA Silikonarmband Set
            [slug] => nba-silikon-armband-set
            [price] => 9.99
            [original_price] => 12.99
            [image] => images/nba-silikon-armband-set.png
            [quantity] => 1
            [stock] => 300
        )

)

2026-01-12 18:53:36 Cart Before Refresh: Array
(
    [19] => Array
        (
            [product_id] => 19
            [name] => NBA Silikonarmband Set
            [slug] => nba-silikon-armband-set
            [price] => 9.99
            [original_price] => 12.99
            [image] => images/nba-silikon-armband-set.png
            [quantity] => 2
            [stock] => 300
        )

)

2026-01-12 18:53:36 Cart After Refresh: Array
(
    [19] => Array
        (
            [product_id] => 19
            [name] => NBA Silikonarmband Set
            [slug] => nba-silikon-armband-set
            [price] => 9.99
            [original_price] => 12.99
            [image] => images/nba-silikon-armband-set.png
            [quantity] => 2
            [stock] => 300
        )

)

