2026-01-12 19:54:48 | Method:  | URI: /Webshop/public/produkte?kategorie=hoodies-jacken | BasePath: /Webshop/public | URL Param: produkte
2026-01-12 19:54:50 | Method:  | URI: /Webshop/public/bestellungen | BasePath: /Webshop/public | URL Param: bestellungen
2026-01-12 19:54:56 | Method:  | URI: /Webshop/public/produkte?kategorie=basketbaelle | BasePath: /Webshop/public | URL Param: produkte
2026-01-12 19:55:06 | Method:  | URI: /Webshop/public/produkt/bulls-courtside-jacket | BasePath: /Webshop/public | URL Param: produkt/bulls-courtside-jacket
2026-01-12 19:59:04 | Method: GET | URI: /Webshop/public/produkt/bulls-courtside-jacket | BasePath: /Webshop/public | URL Param: produkt/bulls-courtside-jacket
2026-01-12 19:59:07 | Method: GET | URI: /Webshop/public/produkte?kategorie=accessoires | BasePath: /Webshop/public | URL Param: produkte
2026-01-12 19:59:08 | Method: GET | URI: /Webshop/public/produkt/nba-elite-socken-3pack | BasePath: /Webshop/public | URL Param: produkt/nba-elite-socken-3pack
2026-01-12 19:59:11 | Method: GET | URI: /Webshop/public/bestellungen | BasePath: /Webshop/public | URL Param: bestellungen
2026-01-12 19:59:13 | Method: GET | URI: /Webshop/public/bestellungen/ORD-2026-0002 | BasePath: /Webshop/public | URL Param: bestellungen/ORD-2026-0002
2026-01-12 20:04:51 | Method: GET | URI: /Webshop/public/ | BasePath: /Webshop/public | URL Param: NULL
2026-01-12 20:04:54 | Method: GET | URI: /Webshop/public/bestellungen | BasePath: /Webshop/public | URL Param: bestellungen
2026-01-12 20:04:57 | Method: GET | URI: /Webshop/public/ | BasePath: /Webshop/public | URL Param: NULL
2026-01-12 20:04:59 | Method: GET | URI: /Webshop/public/produkte | BasePath: /Webshop/public | URL Param: produkte
2026-01-12 20:05:26 | Method: GET | URI: /Webshop/public/abmelden | BasePath: /Webshop/public | URL Param: abmelden
2026-01-12 20:05:27 | Method: GET | URI: /Webshop/public/ | BasePath: /Webshop/public | URL Param: NULL
2026-01-12 20:05:29 | Method: GET | URI: /Webshop/public/anmelden | BasePath: /Webshop/public | URL Param: anmelden
2026-01-12 20:05:36 | Method: POST | URI: /Webshop/public/anmelden | BasePath: /Webshop/public | URL Param: anmelden
2026-01-12 20:05:36 | Method: GET | URI: /Webshop/public/anmelden | BasePath: /Webshop/public | URL Param: anmelden
2026-01-12 20:05:50 | Method: POST | URI: /Webshop/public/anmelden | BasePath: /Webshop/public | URL Param: anmelden
2026-01-12 20:05:50 | Method: GET | URI: /Webshop/public/anmelden | BasePath: /Webshop/public | URL Param: anmelden
2026-01-12 20:07:07 | Method: GET | URI: /Webshop/public/registrieren | BasePath: /Webshop/public | URL Param: registrieren
2026-01-12 20:07:11 | Method: GET | URI: /Webshop/public/produkte | BasePath: /Webshop/public | URL Param: produkte
2026-01-12 20:07:14 | Method: GET | URI: /Webshop/public/produkt/nike-lebron-21 | BasePath: /Webshop/public | URL Param: produkt/nike-lebron-21
2026-01-12 20:07:17 | Method: POST | URI: /Webshop/public/warenkorb/hinzufuegen | BasePath: /Webshop/public | URL Param: warenkorb/hinzufuegen
2026-01-12 20:07:18 | Method: GET | URI: /Webshop/public/produkt/nike-lebron-21 | BasePath: /Webshop/public | URL Param: produkt/nike-lebron-21
2026-01-12 20:07:19 | Method: POST | URI: /Webshop/public/warenkorb/hinzufuegen | BasePath: /Webshop/public | URL Param: warenkorb/hinzufuegen
2026-01-12 20:07:19 | Method: GET | URI: /Webshop/public/produkt/nike-lebron-21 | BasePath: /Webshop/public | URL Param: produkt/nike-lebron-21
2026-01-12 20:07:26 | Method: GET | URI: /Webshop/public/ | BasePath: /Webshop/public | URL Param: NULL
2026-01-12 20:07:29 | Method: GET | URI: /Webshop/public/produkte?kategorie=accessoires | BasePath: /Webshop/public | URL Param: produkte
2026-01-12 20:07:31 | Method: GET | URI: /Webshop/public/produkte?kategorie=caps-muetzen | BasePath: /Webshop/public | URL Param: produkte
2026-01-12 20:07:49 | Method: GET | URI: /Webshop/public/produkte?kategorie=accessoires | BasePath: /Webshop/public | URL Param: produkte
2026-01-12 20:07:50 | Method: GET | URI: /Webshop/public/ | BasePath: /Webshop/public | URL Param: NULL
2026-01-12 20:10:15 | Method: GET | URI: /Webshop/public/anmelden | BasePath: /Webshop/public | URL Param: anmelden
2026-01-12 20:10:17 | Method: GET | URI: /Webshop/public/produkte?kategorie=accessoires | BasePath: /Webshop/public | URL Param: produkte
2026-01-12 20:10:19 | Method: GET | URI: /Webshop/public/produkt/lakers-sporttasche | BasePath: /Webshop/public | URL Param: produkt/lakers-sporttasche
2026-01-12 20:10:21 | Method: POST | URI: /Webshop/public/warenkorb/hinzufuegen | BasePath: /Webshop/public | URL Param: warenkorb/hinzufuegen
2026-01-12 20:10:21 | Method: GET | URI: /Webshop/public/produkt/lakers-sporttasche | BasePath: /Webshop/public | URL Param: produkt/lakers-sporttasche
2026-01-12 20:10:25 | Method: GET | URI: /Webshop/public/ | BasePath: /Webshop/public | URL Param: NULL
2026-01-12 20:10:27 | Method: GET | URI: /Webshop/public/ | BasePath: /Webshop/public | URL Param: NULL
2026-01-12 20:10:37 | Method: POST | URI: /Webshop/public/warenkorb/hinzufuegen | BasePath: /Webshop/public | URL Param: warenkorb/hinzufuegen
2026-01-12 20:10:37 | Method: GET | URI: /Webshop/public/ | BasePath: /Webshop/public | URL Param: NULL
2026-01-12 20:14:59 | Method: GET | URI: /Webshop/public/ | BasePath: /Webshop/public | URL Param: NULL
2026-01-12 20:15:01 | Method: GET | URI: /Webshop/public/ | BasePath: /Webshop/public | URL Param: NULL
2026-01-12 20:15:03 | Method: GET | URI: /Webshop/public/produkte | BasePath: /webshop/public | URL Param: produkte
2026-01-12 20:15:06 | Method: GET | URI: /webshop/public/anmelden | BasePath: /webshop/public | URL Param: anmelden
2026-01-12 20:15:14 | Method: POST | URI: /webshop/public/anmelden | BasePath: /webshop/public | URL Param: anmelden
2026-01-12 20:15:15 | Method: GET | URI: /webshop/public/ | BasePath: /webshop/public | URL Param: NULL
2026-01-12 20:15:36 | Method: GET | URI: /webshop/public/admin | BasePath: /webshop/public | URL Param: admin
2026-01-12 20:15:38 | Method: GET | URI: /webshop/public/admin/kategorien | BasePath: /webshop/public | URL Param: admin/kategorien
2026-01-12 20:15:41 | Method: GET | URI: /webshop/public/admin/kategorien | BasePath: /webshop/public | URL Param: admin/kategorien
2026-01-12 20:15:42 | Method: GET | URI: /webshop/public/admin/benutzer | BasePath: /webshop/public | URL Param: admin/benutzer
2026-01-12 20:15:45 | Method: GET | URI: /webshop/public/admin/kategorien | BasePath: /webshop/public | URL Param: admin/kategorien
2026-01-12 20:15:47 | Method: GET | URI: /webshop/public/admin/kategorien/neu | BasePath: /webshop/public | URL Param: admin/kategorien/neu
2026-01-12 20:15:51 | Method: GET | URI: /webshop/public/admin/bestellungen | BasePath: /webshop/public | URL Param: admin/bestellungen
2026-01-12 20:15:53 | Method: GET | URI: /webshop/public/admin/produkte | BasePath: /webshop/public | URL Param: admin/produkte
2026-01-12 20:15:56 | Method: GET | URI: /webshop/public/admin | BasePath: /webshop/public | URL Param: admin
2026-01-12 20:15:59 | Method: GET | URI: /webshop/public/admin/kategorien | BasePath: /webshop/public | URL Param: admin/kategorien
2026-01-12 20:16:01 | Method: GET | URI: /webshop/public/ | BasePath: /webshop/public | URL Param: NULL
2026-01-12 20:16:04 | Method: GET | URI: /webshop/public/abmelden | BasePath: /webshop/public | URL Param: abmelden
2026-01-12 20:16:04 | Method: GET | URI: /webshop/public/ | BasePath: /webshop/public | URL Param: NULL
2026-01-12 20:16:05 | Method: GET | URI: /webshop/public/anmelden | BasePath: /webshop/public | URL Param: anmelden
2026-01-12 20:16:12 | Method: POST | URI: /webshop/public/anmelden | BasePath: /webshop/public | URL Param: anmelden
2026-01-12 20:16:12 | Method: GET | URI: /webshop/public/ | BasePath: /webshop/public | URL Param: NULL
2026-01-12 20:16:20 | Method: GET | URI: /webshop/public/produkt/nike-lebron-21 | BasePath: /webshop/public | URL Param: produkt/nike-lebron-21
2026-01-12 20:16:23 | Method: POST | URI: /webshop/public/warenkorb/hinzufuegen | BasePath: /webshop/public | URL Param: warenkorb/hinzufuegen
2026-01-12 20:16:23 | Method: GET | URI: /webshop/public/produkt/nike-lebron-21 | BasePath: /webshop/public | URL Param: produkt/nike-lebron-21
2026-01-12 20:16:25 | Method: GET | URI: /webshop/public/warenkorb | BasePath: /webshop/public | URL Param: warenkorb
2026-01-12 20:16:27 | Method: GET | URI: /webshop/public/kasse | BasePath: /webshop/public | URL Param: kasse
2026-01-12 20:16:32 | Method: GET | URI: /webshop/public/produkte?kategorie=trikots | BasePath: /webshop/public | URL Param: produkte
2026-01-12 20:16:34 | Method: POST | URI: /webshop/public/warenkorb/hinzufuegen | BasePath: /webshop/public | URL Param: warenkorb/hinzufuegen
2026-01-12 20:16:34 | Method: GET | URI: /webshop/public/produkte?kategorie=trikots | BasePath: /webshop/public | URL Param: produkte
2026-01-12 20:16:37 | Method: GET | URI: /webshop/public/abmelden | BasePath: /webshop/public | URL Param: abmelden
2026-01-12 20:16:37 | Method: GET | URI: /webshop/public/ | BasePath: /webshop/public | URL Param: NULL
2026-01-12 20:16:40 | Method: GET | URI: /webshop/public/anmelden | BasePath: /webshop/public | URL Param: anmelden
2026-01-12 20:16:43 | Method: GET | URI: /webshop/public/registrieren | BasePath: /webshop/public | URL Param: registrieren
2026-01-12 20:16:57 | Method: POST | URI: /webshop/public/registrieren | BasePath: /webshop/public | URL Param: registrieren
2026-01-12 20:16:58 | Method: GET | URI: /webshop/public/registrieren | BasePath: /webshop/public | URL Param: registrieren
2026-01-12 20:17:11 | Method: POST | URI: /webshop/public/registrieren | BasePath: /webshop/public | URL Param: registrieren
2026-01-12 20:17:11 | Method: GET | URI: /webshop/public/registrieren | BasePath: /webshop/public | URL Param: registrieren
2026-01-12 20:18:08 | Method: POST | URI: /webshop/public/registrieren | BasePath: /webshop/public | URL Param: registrieren
2026-01-12 20:18:08 | Method: GET | URI: /webshop/public/registrieren | BasePath: /webshop/public | URL Param: registrieren
2026-01-12 20:18:25 | Method: POST | URI: /webshop/public/registrieren | BasePath: /webshop/public | URL Param: registrieren
2026-01-12 20:18:25 | Method: GET | URI: /webshop/public/registrieren | BasePath: /webshop/public | URL Param: registrieren
2026-01-12 20:19:26 | Method: GET | URI: /webshop/public/ | BasePath: /webshop/public | URL Param: NULL
2026-01-12 20:19:29 | Method: GET | URI: /webshop/public/anmelden | BasePath: /webshop/public | URL Param: anmelden
2026-01-12 20:19:37 | Method: POST | URI: /webshop/public/anmelden | BasePath: /webshop/public | URL Param: anmelden
2026-01-12 20:19:38 | Method: GET | URI: /webshop/public/ | BasePath: /webshop/public | URL Param: NULL
2026-01-12 20:19:42 | Method: GET | URI: /webshop/public/admin | BasePath: /webshop/public | URL Param: admin
2026-01-12 20:19:46 | Method: GET | URI: /webshop/public/admin/benutzer | BasePath: /webshop/public | URL Param: admin/benutzer
2026-01-12 20:19:49 | Method: POST | URI: /webshop/public/admin/benutzer/4/status | BasePath: /webshop/public | URL Param: admin/benutzer/4/status
2026-01-12 20:19:49 | Method: GET | URI: /webshop/public/admin/benutzer | BasePath: /webshop/public | URL Param: admin/benutzer
2026-01-12 20:19:54 | Method: POST | URI: /webshop/public/admin/benutzer/4/status | BasePath: /webshop/public | URL Param: admin/benutzer/4/status
2026-01-12 20:19:54 | Method: GET | URI: /webshop/public/admin/benutzer | BasePath: /webshop/public | URL Param: admin/benutzer
2026-01-12 20:19:56 | Method: GET | URI: /webshop/public/admin/benutzer/4 | BasePath: /webshop/public | URL Param: admin/benutzer/4
2026-01-12 20:20:02 | Method: GET | URI: /webshop/public/admin/benutzer/4/bearbeiten | BasePath: /webshop/public | URL Param: admin/benutzer/4/bearbeiten
2026-01-12 20:20:15 | Method: GET | URI: /webshop/public/admin/benutzer | BasePath: /webshop/public | URL Param: admin/benutzer
2026-01-12 20:20:19 | Method: GET | URI: /webshop/public/admin/benutzer/6 | BasePath: /webshop/public | URL Param: admin/benutzer/6
2026-01-12 20:21:01 | Method: GET | URI: /webshop/public/abmelden | BasePath: /webshop/public | URL Param: abmelden
2026-01-12 20:21:01 | Method: GET | URI: /webshop/public/ | BasePath: /webshop/public | URL Param: NULL
2026-01-12 20:21:03 | Method: GET | URI: /webshop/public/anmelden | BasePath: /webshop/public | URL Param: anmelden
2026-01-12 20:21:10 | Method: GET | URI: /webshop/public/registrieren | BasePath: /webshop/public | URL Param: registrieren
2026-01-12 20:21:43 | Method: POST | URI: /webshop/public/registrieren | BasePath: /webshop/public | URL Param: registrieren
2026-01-12 20:21:44 | Method: GET | URI: /webshop/public/ | BasePath: /webshop/public | URL Param: NULL
2026-01-12 20:21:49 | Method: GET | URI: /webshop/public/bestellungen | BasePath: /webshop/public | URL Param: bestellungen
2026-01-12 20:23:19 | Method: GET | URI: /webshop/public/warenkorb | BasePath: /webshop/public | URL Param: warenkorb
2026-01-12 20:23:21 | Method: GET | URI: /webshop/public/produkte | BasePath: /webshop/public | URL Param: produkte
2026-01-12 20:23:23 | Method: POST | URI: /webshop/public/warenkorb/hinzufuegen | BasePath: /webshop/public | URL Param: warenkorb/hinzufuegen
2026-01-12 20:23:23 | Method: GET | URI: /webshop/public/produkte | BasePath: /webshop/public | URL Param: produkte
2026-01-12 20:23:25 | Method: GET | URI: /webshop/public/warenkorb | BasePath: /webshop/public | URL Param: warenkorb
2026-01-12 20:23:28 | Method: GET | URI: /webshop/public/kasse | BasePath: /webshop/public | URL Param: kasse
2026-01-12 21:11:19 | Method: GET | URI: /Webshop/public/ | BasePath: /Webshop/public | URL Param: NULL
2026-01-12 21:11:29 | Method: GET | URI: /Webshop/public/anmelden | BasePath: /webshop/public | URL Param: anmelden
2026-01-12 21:11:38 | Method: POST | URI: /webshop/public/anmelden | BasePath: /webshop/public | URL Param: anmelden
2026-01-12 21:11:38 | Method: GET | URI: /webshop/public/anmelden | BasePath: /webshop/public | URL Param: anmelden
2026-01-12 21:12:21 | Method: POST | URI: /webshop/public/anmelden | BasePath: /webshop/public | URL Param: anmelden
2026-01-12 21:12:21 | Method: GET | URI: /webshop/public/anmelden | BasePath: /webshop/public | URL Param: anmelden
2026-01-12 21:13:05 | Method: POST | URI: /webshop/public/anmelden | BasePath: /webshop/public | URL Param: anmelden
2026-01-12 21:13:06 | Method: GET | URI: /webshop/public/anmelden | BasePath: /webshop/public | URL Param: anmelden
2026-01-12 21:13:44 | Method: GET | URI: /webshop/public/produkte?kategorie=accessoires | BasePath: /webshop/public | URL Param: produkte
2026-01-12 21:13:47 | Method: POST | URI: /webshop/public/warenkorb/hinzufuegen | BasePath: /webshop/public | URL Param: warenkorb/hinzufuegen
2026-01-12 21:13:47 | Method: GET | URI: /webshop/public/produkte?kategorie=accessoires | BasePath: /webshop/public | URL Param: produkte
2026-01-12 21:13:49 | Method: GET | URI: /webshop/public/warenkorb | BasePath: /webshop/public | URL Param: warenkorb
2026-01-12 21:13:51 | Method: GET | URI: /webshop/public/anmelden?redirect=/kasse | BasePath: /webshop/public | URL Param: anmelden
2026-01-12 21:13:56 | Method: GET | URI: /webshop/public/registrieren | BasePath: /webshop/public | URL Param: registrieren
2026-01-12 21:14:28 | Method: POST | URI: /webshop/public/registrieren | BasePath: /webshop/public | URL Param: registrieren
2026-01-12 21:14:28 | Method: GET | URI: /webshop/public/registrieren | BasePath: /webshop/public | URL Param: registrieren
2026-01-12 21:14:44 | Method: GET | URI: /webshop/public/anmelden | BasePath: /webshop/public | URL Param: anmelden
2026-01-12 21:14:56 | Method: POST | URI: /webshop/public/anmelden | BasePath: /webshop/public | URL Param: anmelden
2026-01-12 21:14:56 | Method: GET | URI: /webshop/public/anmelden | BasePath: /webshop/public | URL Param: anmelden
2026-01-12 21:15:44 | Method: POST | URI: /webshop/public/anmelden | BasePath: /webshop/public | URL Param: anmelden
2026-01-12 21:15:45 | Method: GET | URI: /webshop/public/anmelden | BasePath: /webshop/public | URL Param: anmelden
2026-01-12 21:16:24 | Method: GET | URI: /webshop/public/auth/google | BasePath: /webshop/public | URL Param: auth/google
2026-01-12 21:16:41 | Method: GET | URI: /Webshop/public/ | BasePath: /Webshop/public | URL Param: NULL
2026-01-12 21:16:49 | Method: GET | URI: /Webshop/public/produkte | BasePath: /webshop/public | URL Param: produkte
2026-01-12 21:16:59 | Method: GET | URI: /webshop/public/ | BasePath: /webshop/public | URL Param: NULL
2026-01-12 21:17:02 | Method: GET | URI: /webshop/public/anmelden | BasePath: /webshop/public | URL Param: anmelden
2026-01-12 21:17:05 | Method: GET | URI: /webshop/public/registrieren | BasePath: /webshop/public | URL Param: registrieren
2026-01-12 21:17:20 | Method: POST | URI: /webshop/public/registrieren | BasePath: /webshop/public | URL Param: registrieren
2026-01-12 21:17:21 | Method: GET | URI: /webshop/public/ | BasePath: /webshop/public | URL Param: NULL
2026-01-12 21:17:28 | Method: GET | URI: /webshop/public/abmelden | BasePath: /webshop/public | URL Param: abmelden
2026-01-12 21:17:28 | Method: GET | URI: /webshop/public/ | BasePath: /webshop/public | URL Param: NULL
2026-01-12 21:17:37 | Method: GET | URI: /webshop/public/anmelden | BasePath: /webshop/public | URL Param: anmelden
2026-01-12 21:17:44 | Method: POST | URI: /webshop/public/anmelden | BasePath: /webshop/public | URL Param: anmelden
2026-01-12 21:17:45 | Method: GET | URI: /webshop/public/ | BasePath: /webshop/public | URL Param: NULL
2026-01-12 21:18:07 | Method: GET | URI: /webshop/public/produkte | BasePath: /webshop/public | URL Param: produkte
2026-01-12 21:18:09 | Method: POST | URI: /webshop/public/warenkorb/hinzufuegen | BasePath: /webshop/public | URL Param: warenkorb/hinzufuegen
2026-01-12 21:18:09 | Method: GET | URI: /webshop/public/produkte | BasePath: /webshop/public | URL Param: produkte
2026-01-12 21:18:10 | Method: GET | URI: /webshop/public/warenkorb | BasePath: /webshop/public | URL Param: warenkorb
2026-01-12 21:18:12 | Method: GET | URI: /webshop/public/kasse | BasePath: /webshop/public | URL Param: kasse
2026-01-12 21:20:41 | Method: GET | URI: /webshop/public/warenkorb | BasePath: /webshop/public | URL Param: warenkorb
2026-01-12 21:22:20 | Method: GET | URI: /webshop/public/warenkorb | BasePath: /webshop/public | URL Param: warenkorb
2026-01-12 21:22:23 | Method: GET | URI: /webshop/public/kasse | BasePath: /webshop/public | URL Param: kasse
2026-01-12 21:22:25 | Method: GET | URI: /webshop/public/kasse | BasePath: /webshop/public | URL Param: kasse
2026-01-12 21:22:45 | Method: POST | URI: /webshop/public/warenkorb/entfernen | BasePath: /webshop/public | URL Param: warenkorb/entfernen
2026-01-12 21:22:45 | Method: GET | URI: /webshop/public/warenkorb | BasePath: /webshop/public | URL Param: warenkorb
2026-01-12 21:22:48 | Method: GET | URI: /webshop/public/produkte | BasePath: /webshop/public | URL Param: produkte
2026-01-12 21:22:50 | Method: GET | URI: /webshop/public/produkte?kategorie=caps-muetzen | BasePath: /webshop/public | URL Param: produkte
2026-01-12 21:22:53 | Method: POST | URI: /webshop/public/warenkorb/hinzufuegen | BasePath: /webshop/public | URL Param: warenkorb/hinzufuegen
2026-01-12 21:22:53 | Method: GET | URI: /webshop/public/produkte?kategorie=caps-muetzen | BasePath: /webshop/public | URL Param: produkte
2026-01-12 21:22:55 | Method: GET | URI: /webshop/public/warenkorb | BasePath: /webshop/public | URL Param: warenkorb
2026-01-12 21:22:57 | Method: GET | URI: /webshop/public/kasse | BasePath: /webshop/public | URL Param: kasse
2026-01-12 21:24:52 | Method: GET | URI: /webshop/public/kasse | BasePath: /webshop/public | URL Param: kasse
2026-01-12 21:24:53 | Method: GET | URI: /webshop/public/warenkorb | BasePath: /webshop/public | URL Param: warenkorb
2026-01-12 21:24:54 | Method: GET | URI: /webshop/public/warenkorb | BasePath: /webshop/public | URL Param: warenkorb
2026-01-12 21:24:56 | Method: GET | URI: /webshop/public/ | BasePath: /webshop/public | URL Param: NULL
2026-01-12 21:24:59 | Method: GET | URI: /webshop/public/ | BasePath: /webshop/public | URL Param: NULL
2026-01-12 21:25:01 | Method: GET | URI: /webshop/public/ | BasePath: /webshop/public | URL Param: NULL
2026-01-12 21:25:07 | Method: GET | URI: /Webshop/public/ | BasePath: /Webshop/public | URL Param: NULL
2026-01-12 21:25:14 | Method: GET | URI: /Webshop/public/warenkorb | BasePath: /webshop/public | URL Param: warenkorb
2026-01-12 21:25:16 | Method: POST | URI: /webshop/public/warenkorb/aktualisieren | BasePath: /webshop/public | URL Param: warenkorb/aktualisieren
2026-01-12 21:25:16 | Method: GET | URI: /webshop/public/warenkorb | BasePath: /webshop/public | URL Param: warenkorb
2026-01-12 21:25:18 | Method: GET | URI: /webshop/public/produkte | BasePath: /webshop/public | URL Param: produkte
2026-01-12 21:25:19 | Method: GET | URI: /webshop/public/produkte?kategorie=basketbaelle | BasePath: /webshop/public | URL Param: produkte
2026-01-12 21:25:23 | Method: GET | URI: /webshop/public/produkte?kategorie=caps-muetzen | BasePath: /webshop/public | URL Param: produkte
2026-01-12 21:25:26 | Method: GET | URI: /webshop/public/produkte?kategorie=hoodies-jacken | BasePath: /webshop/public | URL Param: produkte
2026-01-12 21:25:28 | Method: GET | URI: /webshop/public/produkte | BasePath: /webshop/public | URL Param: produkte
2026-01-12 21:25:33 | Method: GET | URI: /webshop/public/produkte?kategorie=trikots | BasePath: /webshop/public | URL Param: produkte
2026-01-12 21:25:38 | Method: GET | URI: /webshop/public/produkte?kategorie=caps-muetzen | BasePath: /webshop/public | URL Param: produkte
2026-01-12 21:25:41 | Method: POST | URI: /webshop/public/warenkorb/hinzufuegen | BasePath: /webshop/public | URL Param: warenkorb/hinzufuegen
2026-01-12 21:25:41 | Method: GET | URI: /webshop/public/produkte?kategorie=caps-muetzen | BasePath: /webshop/public | URL Param: produkte
2026-01-12 21:25:42 | Method: GET | URI: /webshop/public/warenkorb | BasePath: /webshop/public | URL Param: warenkorb
2026-01-12 21:25:44 | Method: GET | URI: /webshop/public/kasse | BasePath: /webshop/public | URL Param: kasse
2026-01-12 21:32:27 | Method: GET | URI: /webshop/public/warenkorb | BasePath: /webshop/public | URL Param: warenkorb
2026-01-12 21:32:29 | Method: GET | URI: /webshop/public/warenkorb | BasePath: /webshop/public | URL Param: warenkorb
2026-01-12 21:32:31 | Method: POST | URI: /webshop/public/warenkorb/entfernen | BasePath: /webshop/public | URL Param: warenkorb/entfernen
2026-01-12 21:32:31 | Method: GET | URI: /webshop/public/warenkorb | BasePath: /webshop/public | URL Param: warenkorb
2026-01-12 21:32:33 | Method: GET | URI: /webshop/public/produkte | BasePath: /webshop/public | URL Param: produkte
2026-01-12 21:32:35 | Method: POST | URI: /webshop/public/warenkorb/hinzufuegen | BasePath: /webshop/public | URL Param: warenkorb/hinzufuegen
2026-01-12 21:32:35 | Method: GET | URI: /webshop/public/produkte | BasePath: /webshop/public | URL Param: produkte
2026-01-12 21:32:37 | Method: GET | URI: /webshop/public/warenkorb | BasePath: /webshop/public | URL Param: warenkorb
2026-01-12 21:32:38 | Method: GET | URI: /webshop/public/kasse | BasePath: /webshop/public | URL Param: kasse
2026-01-12 21:32:42 | Method: GET | URI: /webshop/public/kasse | BasePath: /webshop/public | URL Param: kasse
2026-01-12 21:33:47 | Method: GET | URI: /webshop/public/ | BasePath: /webshop/public | URL Param: NULL
2026-01-12 21:33:55 | Method: GET | URI: /webshop/public/warenkorb | BasePath: /webshop/public | URL Param: warenkorb
2026-01-12 21:34:58 | Method: GET | URI: /webshop/public/abmelden | BasePath: /webshop/public | URL Param: abmelden
2026-01-12 21:34:58 | Method: GET | URI: /webshop/public/ | BasePath: /webshop/public | URL Param: NULL
2026-01-12 21:35:00 | Method: GET | URI: /webshop/public/anmelden | BasePath: /webshop/public | URL Param: anmelden
2026-01-12 21:35:02 | Method: GET | URI: /webshop/public/auth/google | BasePath: /webshop/public | URL Param: auth/google
2026-01-12 21:39:28 | Method: GET | URI: /webshop/public/auth/google | BasePath: /webshop/public | URL Param: auth/google
2026-01-12 21:39:31 | Method: GET | URI: /webshop/public/anmelden | BasePath: /webshop/public | URL Param: anmelden
2026-01-13 09:29:30 | Method: GET | URI: /Webshop/public/ | BasePath: /Webshop/public | URL Param: NULL
2026-01-13 09:29:35 | Method: GET | URI: /Webshop/public/anmelden | BasePath: /webshop/public | URL Param: anmelden
2026-01-13 09:29:43 | Method: POST | URI: /webshop/public/anmelden | BasePath: /webshop/public | URL Param: anmelden
2026-01-13 09:29:43 | Method: GET | URI: /webshop/public/anmelden | BasePath: /webshop/public | URL Param: anmelden
2026-01-13 09:29:53 | Method: POST | URI: /webshop/public/anmelden | BasePath: /webshop/public | URL Param: anmelden
2026-01-13 09:29:53 | Method: GET | URI: /webshop/public/ | BasePath: /webshop/public | URL Param: NULL
2026-01-13 09:29:57 | Method: GET | URI: /webshop/public/produkte?kategorie=basketbaelle | BasePath: /webshop/public | URL Param: produkte
2026-01-13 09:30:03 | Method: GET | URI: /webshop/public/produkte?kategorie=caps-muetzen | BasePath: /webshop/public | URL Param: produkte
2026-01-13 09:30:04 | Method: GET | URI: /webshop/public/warenkorb | BasePath: /webshop/public | URL Param: warenkorb
2026-01-13 09:30:06 | Method: GET | URI: /webshop/public/kasse | BasePath: /webshop/public | URL Param: kasse
2026-01-13 09:30:10 | Method: GET | URI: /webshop/public/bestellungen | BasePath: /webshop/public | URL Param: bestellungen
2026-01-13 09:30:14 | Method: GET | URI: /webshop/public/produkte | BasePath: /webshop/public | URL Param: produkte
2026-01-13 09:30:19 | Method: GET | URI: /webshop/public/produkte?kategorie=hoodies-jacken | BasePath: /webshop/public | URL Param: produkte
2026-01-13 09:30:21 | Method: GET | URI: /webshop/public/produkte?kategorie=caps-muetzen | BasePath: /webshop/public | URL Param: produkte
2026-01-13 09:30:23 | Method: GET | URI: /webshop/public/produkte | BasePath: /webshop/public | URL Param: produkte
2026-01-13 09:30:32 | Method: GET | URI: /webshop/public/ | BasePath: /webshop/public | URL Param: NULL
2026-01-13 09:30:42 | Method: GET | URI: /webshop/public/produkte?suche=spalding+ball | BasePath: /webshop/public | URL Param: produkte
2026-01-13 09:30:51 | Method: GET | URI: /webshop/public/produkte?suche=basketb%C3%A4lle | BasePath: /webshop/public | URL Param: produkte
2026-01-13 09:30:52 | Method: GET | URI: /webshop/public/produkte?kategorie=accessoires | BasePath: /webshop/public | URL Param: produkte
2026-01-13 09:30:53 | Method: GET | URI: /webshop/public/produkte?kategorie=basketbaelle | BasePath: /webshop/public | URL Param: produkte
2026-01-13 09:41:37 | Method: GET | URI: /webshop/public/produkte?kategorie=basketbaelle | BasePath: /webshop/public | URL Param: produkte
2026-01-13 09:41:41 | Method: GET | URI: /webshop/public/abmelden | BasePath: /webshop/public | URL Param: abmelden
2026-01-13 09:41:41 | Method: GET | URI: /webshop/public/ | BasePath: /webshop/public | URL Param: NULL
2026-01-13 09:41:42 | Method: GET | URI: /webshop/public/anmelden | BasePath: /webshop/public | URL Param: anmelden
2026-01-13 09:41:44 | Method: GET | URI: /webshop/public/auth/google | BasePath: /webshop/public | URL Param: auth/google
2026-01-13 09:41:54 | Method: GET | URI: /webshop/public/produkte | BasePath: /webshop/public | URL Param: produkte
2026-01-13 09:57:07 | Method: GET | URI: /webshop/public/produkte | BasePath: /webshop/public | URL Param: produkte
2026-01-13 09:57:09 | Method: GET | URI: /webshop/public/anmelden | BasePath: /webshop/public | URL Param: anmelden
2026-01-13 09:57:11 | Method: GET | URI: /webshop/public/auth/google | BasePath: /webshop/public | URL Param: auth/google
2026-01-13 15:11:10 | Method: GET | URI: /webshop/public/auth/google | BasePath: /webshop/public | URL Param: auth/google
2026-01-13 15:11:12 | Method: GET | URI: /webshop/public/anmelden | BasePath: /webshop/public | URL Param: anmelden
2026-01-13 15:14:43 | Method: POST | URI: /webshop/public/anmelden | BasePath: /webshop/public | URL Param: anmelden
2026-01-13 15:14:44 | Method: GET | URI: /webshop/public/ | BasePath: /webshop/public | URL Param: NULL
2026-01-13 15:14:46 | Method: GET | URI: /webshop/public/produkte?kategorie=caps-muetzen | BasePath: /webshop/public | URL Param: produkte
2026-01-13 16:19:45 | Method: GET | URI: /webshop/public/ | BasePath: /webshop/public | URL Param: NULL
2026-01-14 07:58:51 | Method: GET | URI: /webshop/public/warenkorb | BasePath: /webshop/public | URL Param: warenkorb
2026-01-14 07:59:06 | Method: GET | URI: /webshop/public/warenkorb | BasePath: /webshop/public | URL Param: warenkorb
2026-01-14 07:59:11 | Method: GET | URI: /webshop/public/produkte | BasePath: /webshop/public | URL Param: produkte
2026-01-14 07:59:13 | Method: GET | URI: /webshop/public/produkt/nba-silikon-armband-set | BasePath: /webshop/public | URL Param: produkt/nba-silikon-armband-set
2026-01-14 07:59:15 | Method: POST | URI: /webshop/public/warenkorb/hinzufuegen | BasePath: /webshop/public | URL Param: warenkorb/hinzufuegen
2026-01-14 07:59:15 | Method: GET | URI: /webshop/public/produkt/nba-silikon-armband-set | BasePath: /webshop/public | URL Param: produkt/nba-silikon-armband-set
2026-01-14 07:59:18 | Method: GET | URI: /webshop/public/warenkorb | BasePath: /webshop/public | URL Param: warenkorb
2026-01-14 07:59:20 | Method: GET | URI: /webshop/public/anmelden?redirect=/kasse | BasePath: /webshop/public | URL Param: anmelden
2026-01-14 08:02:27 | Method: POST | URI: /webshop/public/anmelden | BasePath: /webshop/public | URL Param: anmelden
2026-01-14 08:02:28 | Method: GET | URI: /webshop/public/ | BasePath: /webshop/public | URL Param: NULL
2026-01-14 08:02:38 | Method: GET | URI: /webshop/public/produkte?kategorie=basketbaelle | BasePath: /webshop/public | URL Param: produkte
2026-01-14 08:02:40 | Method: GET | URI: /webshop/public/produkt/wilson-nba-drv-outdoor | BasePath: /webshop/public | URL Param: produkt/wilson-nba-drv-outdoor
2026-01-14 08:02:41 | Method: POST | URI: /webshop/public/warenkorb/hinzufuegen | BasePath: /webshop/public | URL Param: warenkorb/hinzufuegen
2026-01-14 08:02:41 | Method: GET | URI: /webshop/public/produkt/wilson-nba-drv-outdoor | BasePath: /webshop/public | URL Param: produkt/wilson-nba-drv-outdoor
2026-01-14 08:02:42 | Method: GET | URI: /webshop/public/warenkorb | BasePath: /webshop/public | URL Param: warenkorb
2026-01-14 08:02:49 | Method: GET | URI: /webshop/public/kasse | BasePath: /webshop/public | URL Param: kasse
2026-01-14 08:03:06 | Method: GET | URI: /webshop/public/abmelden | BasePath: /webshop/public | URL Param: abmelden
2026-01-14 08:03:06 | Method: GET | URI: /webshop/public/ | BasePath: /webshop/public | URL Param: NULL
2026-01-14 08:03:08 | Method: GET | URI: /webshop/public/anmelden | BasePath: /webshop/public | URL Param: anmelden
2026-01-14 12:20:35 | Method: GET | URI: /Webshop/public/ | BasePath: /Webshop/public | URL Param: NULL
2026-01-14 12:20:40 | Method: GET | URI: /Webshop/public/anmelden | BasePath: /webshop/public | URL Param: anmelden
2026-01-14 12:20:44 | Method: GET | URI: /webshop/public/auth/google | BasePath: /webshop/public | URL Param: auth/google
2026-01-14 12:24:09 | Method: GET | URI: /Webshop/public/anmelden | BasePath: /webshop/public | URL Param: anmelden
2026-01-14 12:24:10 | Method: GET | URI: /webshop/public/auth/google | BasePath: /webshop/public | URL Param: auth/google
2026-01-14 12:51:36 | Method: GET | URI: /Webshop/public/ | BasePath: /Webshop/public | URL Param: NULL
2026-01-14 12:51:40 | Method: GET | URI: /Webshop/public/anmelden | BasePath: /webshop/public | URL Param: anmelden
2026-01-14 12:51:42 | Method: GET | URI: /webshop/public/auth/google | BasePath: /webshop/public | URL Param: auth/google
2026-01-14 12:52:15 | Method: GET | URI: /webshop/public/auth/google | BasePath: /webshop/public | URL Param: auth/google
2026-01-14 12:52:34 | Method: GET | URI: /webshop/public/anmelden | BasePath: /webshop/public | URL Param: anmelden
2026-01-14 12:55:03 | Method: GET | URI: /webshop/public/anmelden | BasePath: /webshop/public | URL Param: anmelden
2026-01-14 12:55:06 | Method: GET | URI: /webshop/public/auth/google | BasePath: /webshop/public | URL Param: auth/google
2026-01-14 12:55:12 | Method: GET | URI: /webshop/public/auth/google | BasePath: /webshop/public | URL Param: auth/google
2026-01-14 12:57:18 | Method: GET | URI: /webshop/public/auth/google | BasePath: /webshop/public | URL Param: auth/google
2026-01-14 12:57:19 | Method: GET | URI: /webshop/public/anmelden | BasePath: /webshop/public | URL Param: anmelden
2026-01-14 12:57:21 | Method: GET | URI: /webshop/public/auth/google | BasePath: /webshop/public | URL Param: auth/google
2026-01-14 12:59:58 | Method: GET | URI: /webshop/public/anmelden | BasePath: /webshop/public | URL Param: anmelden
2026-01-14 13:00:01 | Method: GET | URI: /webshop/public/auth/google | BasePath: /webshop/public | URL Param: auth/google
2026-01-14 13:02:49 | Method: GET | URI: /webshop/public/auth/google/callback?code=4%2F0ASc3gC2YNurVyXaZZWc_B4myr3AZzCYtaJ5uwrc8uEdCg-9f6xSPNFRH_yYFEWdPwXkLMw&scope=email+profile+https%3A%2F%2Fwww.googleapis.com%2Fauth%2Fuserinfo.profile+https%3A%2F%2Fwww.googleapis.com%2Fauth%2Fuserinfo.email+openid&authuser=0&prompt=consent | BasePath: /webshop/public | URL Param: auth/google/callback
2026-01-14 13:02:49 | Method: GET | URI: /webshop/public/anmelden | BasePath: /webshop/public | URL Param: anmelden
2026-01-14 13:02:55 | Method: GET | URI: /webshop/public/auth/google | BasePath: /webshop/public | URL Param: auth/google
2026-01-14 13:03:11 | Method: GET | URI: /webshop/public/auth/google/callback?code=4%2F0ASc3gC3a5rM9-pXHQQq4mQj-Xn_cTmGFrNmcqoSPytcskQfP06GIcM6naUY4PkS_e2hS2Q&scope=email+profile+https%3A%2F%2Fwww.googleapis.com%2Fauth%2Fuserinfo.email+https%3A%2F%2Fwww.googleapis.com%2Fauth%2Fuserinfo.profile+openid&authuser=0&prompt=none | BasePath: /webshop/public | URL Param: auth/google/callback
2026-01-14 13:03:11 | Method: GET | URI: /webshop/public/anmelden | BasePath: /webshop/public | URL Param: anmelden
2026-01-14 13:04:35 | Method: GET | URI: /webshop/public/anmelden | BasePath: /webshop/public | URL Param: anmelden
2026-01-14 13:04:38 | Method: GET | URI: /webshop/public/auth/google | BasePath: /webshop/public | URL Param: auth/google
2026-01-14 13:04:40 | Method: GET | URI: /webshop/public/auth/google/callback?code=4%2F0ASc3gC2x9kFv7UhGHXCwUu0wr0iCpnuNWqF-3D_ZPGWc2lwgXFneOzAEC1WjCbS3RlKWTg&scope=email+profile+https%3A%2F%2Fwww.googleapis.com%2Fauth%2Fuserinfo.email+https%3A%2F%2Fwww.googleapis.com%2Fauth%2Fuserinfo.profile+openid&authuser=0&prompt=none | BasePath: /webshop/public | URL Param: auth/google/callback
2026-01-14 13:04:40 | Method: GET | URI: /webshop/public/ | BasePath: /webshop/public | URL Param: NULL
2026-01-14 13:04:52 | Method: GET | URI: /webshop/public/warenkorb | BasePath: /webshop/public | URL Param: warenkorb
2026-01-14 13:04:53 | Method: GET | URI: /webshop/public/kasse | BasePath: /webshop/public | URL Param: kasse
2026-01-14 13:05:45 | Method: GET | URI: /webshop/public/abmelden | BasePath: /webshop/public | URL Param: abmelden
2026-01-14 13:05:45 | Method: GET | URI: /webshop/public/ | BasePath: /webshop/public | URL Param: NULL
2026-01-14 13:05:47 | Method: GET | URI: /webshop/public/anmelden | BasePath: /webshop/public | URL Param: anmelden
2026-01-14 13:05:49 | Method: GET | URI: /webshop/public/auth/google | BasePath: /webshop/public | URL Param: auth/google
2026-01-14 13:05:51 | Method: GET | URI: /webshop/public/auth/google/callback?code=4%2F0ASc3gC31C2M9LPsORQZPWPhXx585cMBN8ghs03t8HufZe9OmuqLjrU6qzEegLMqbxKaO_g&scope=email+profile+https%3A%2F%2Fwww.googleapis.com%2Fauth%2Fuserinfo.email+https%3A%2F%2Fwww.googleapis.com%2Fauth%2Fuserinfo.profile+openid&authuser=0&prompt=none | BasePath: /webshop/public | URL Param: auth/google/callback
2026-01-14 13:05:51 | Method: GET | URI: /webshop/public/ | BasePath: /webshop/public | URL Param: NULL
2026-01-14 13:07:44 | Method: GET | URI: /webshop/public/kasse | BasePath: /webshop/public | URL Param: kasse
2026-01-14 13:07:55 | Method: GET | URI: /webshop/public/ | BasePath: /webshop/public | URL Param: NULL
2026-01-14 13:07:57 | Method: GET | URI: /webshop/public/warenkorb | BasePath: /webshop/public | URL Param: warenkorb
2026-01-14 13:07:58 | Method: GET | URI: /webshop/public/kasse | BasePath: /webshop/public | URL Param: kasse
2026-01-14 13:09:55 | Method: GET | URI: /webshop/public/kasse | BasePath: /webshop/public | URL Param: kasse
2026-01-14 13:10:10 | Method: GET | URI: /webshop/public/abmelden | BasePath: /webshop/public | URL Param: abmelden
2026-01-14 13:10:10 | Method: GET | URI: /webshop/public/ | BasePath: /webshop/public | URL Param: NULL
2026-01-14 13:10:14 | Method: GET | URI: /webshop/public/anmelden | BasePath: /webshop/public | URL Param: anmelden
2026-01-14 13:10:20 | Method: POST | URI: /webshop/public/anmelden | BasePath: /webshop/public | URL Param: anmelden
2026-01-14 13:10:21 | Method: GET | URI: /webshop/public/ | BasePath: /webshop/public | URL Param: NULL
2026-01-14 13:10:23 | Method: GET | URI: /webshop/public/abmelden | BasePath: /webshop/public | URL Param: abmelden
2026-01-14 13:10:23 | Method: GET | URI: /webshop/public/ | BasePath: /webshop/public | URL Param: NULL
2026-01-14 13:10:24 | Method: GET | URI: /webshop/public/anmelden | BasePath: /webshop/public | URL Param: anmelden
2026-01-14 13:10:26 | Method: GET | URI: /webshop/public/auth/google | BasePath: /webshop/public | URL Param: auth/google
2026-01-14 13:10:28 | Method: GET | URI: /webshop/public/auth/google/callback?code=4%2F0ASc3gC3gQ8mlFyJalNMtFfHq7_vgfWekhWSPbTy6xhDJuKKhBqhvbW2np5kNqpKhBh70Og&scope=email+profile+https%3A%2F%2Fwww.googleapis.com%2Fauth%2Fuserinfo.email+openid+https%3A%2F%2Fwww.googleapis.com%2Fauth%2Fuserinfo.profile&authuser=0&prompt=none | BasePath: /webshop/public | URL Param: auth/google/callback
2026-01-14 13:10:28 | Method: GET | URI: /webshop/public/ | BasePath: /webshop/public | URL Param: NULL
2026-01-14 13:10:30 | Method: GET | URI: /webshop/public/warenkorb | BasePath: /webshop/public | URL Param: warenkorb
2026-01-14 13:10:34 | Method: GET | URI: /webshop/public/kasse | BasePath: /webshop/public | URL Param: kasse
2026-01-14 13:10:38 | Method: GET | URI: /webshop/public/produkte | BasePath: /webshop/public | URL Param: produkte
2026-01-14 13:12:44 | Method: GET | URI: /webshop/public/produkte | BasePath: /webshop/public | URL Param: produkte
2026-01-14 13:12:49 | Method: GET | URI: /webshop/public/produkte?kategorie=accessoires | BasePath: /webshop/public | URL Param: produkte
2026-01-14 13:12:52 | Method: GET | URI: /webshop/public/produkte?kategorie=basketbaelle | BasePath: /webshop/public | URL Param: produkte
2026-01-14 13:12:54 | Method: GET | URI: /webshop/public/produkte?kategorie=caps-muetzen | BasePath: /webshop/public | URL Param: produkte
2026-01-14 13:12:57 | Method: GET | URI: /webshop/public/warenkorb | BasePath: /webshop/public | URL Param: warenkorb
2026-01-14 13:12:58 | Method: POST | URI: /webshop/public/warenkorb/entfernen | BasePath: /webshop/public | URL Param: warenkorb/entfernen
2026-01-14 13:12:58 | Method: GET | URI: /webshop/public/warenkorb | BasePath: /webshop/public | URL Param: warenkorb
2026-01-14 13:12:59 | Method: POST | URI: /webshop/public/warenkorb/entfernen | BasePath: /webshop/public | URL Param: warenkorb/entfernen
2026-01-14 13:12:59 | Method: GET | URI: /webshop/public/warenkorb | BasePath: /webshop/public | URL Param: warenkorb
2026-01-14 13:13:00 | Method: POST | URI: /webshop/public/warenkorb/entfernen | BasePath: /webshop/public | URL Param: warenkorb/entfernen
2026-01-14 13:13:00 | Method: GET | URI: /webshop/public/warenkorb | BasePath: /webshop/public | URL Param: warenkorb
2026-01-14 13:13:02 | Method: GET | URI: /webshop/public/produkte | BasePath: /webshop/public | URL Param: produkte
2026-01-14 13:13:04 | Method: POST | URI: /webshop/public/warenkorb/hinzufuegen | BasePath: /webshop/public | URL Param: warenkorb/hinzufuegen
2026-01-14 13:13:04 | Method: GET | URI: /webshop/public/produkte | BasePath: /webshop/public | URL Param: produkte
2026-01-14 13:13:06 | Method: GET | URI: /webshop/public/produkte?kategorie=basketbaelle | BasePath: /webshop/public | URL Param: produkte
2026-01-14 13:13:08 | Method: POST | URI: /webshop/public/warenkorb/hinzufuegen | BasePath: /webshop/public | URL Param: warenkorb/hinzufuegen
2026-01-14 13:13:08 | Method: GET | URI: /webshop/public/produkte?kategorie=basketbaelle | BasePath: /webshop/public | URL Param: produkte
2026-01-14 13:13:10 | Method: GET | URI: /webshop/public/warenkorb | BasePath: /webshop/public | URL Param: warenkorb
2026-01-14 13:13:21 | Method: GET | URI: /webshop/public/kasse | BasePath: /webshop/public | URL Param: kasse
2026-01-14 13:13:39 | Method: GET | URI: /webshop/public/ | BasePath: /webshop/public | URL Param: NULL
2026-01-14 13:13:40 | Method: GET | URI: /webshop/public/produkte?kategorie=accessoires | BasePath: /webshop/public | URL Param: produkte
2026-01-14 13:13:54 | Method: GET | URI: /Webshop/public/ | BasePath: /Webshop/public | URL Param: NULL
2026-01-14 13:13:57 | Method: GET | URI: /Webshop/public/warenkorb | BasePath: /webshop/public | URL Param: warenkorb
2026-01-14 13:13:59 | Method: GET | URI: /webshop/public/kasse | BasePath: /webshop/public | URL Param: kasse
2026-01-14 13:14:01 | Method: GET | URI: /webshop/public/abmelden | BasePath: /webshop/public | URL Param: abmelden
2026-01-14 13:14:01 | Method: GET | URI: /webshop/public/ | BasePath: /webshop/public | URL Param: NULL
2026-01-14 13:14:02 | Method: GET | URI: /webshop/public/anmelden | BasePath: /webshop/public | URL Param: anmelden
2026-01-14 13:14:03 | Method: GET | URI: /webshop/public/auth/google | BasePath: /webshop/public | URL Param: auth/google
2026-01-14 13:14:05 | Method: GET | URI: /webshop/public/auth/google/callback?code=4%2F0ASc3gC2X99FDzRqzeWDERknrz57GWxIviktr0c7W-T7eYe6P642YS5vEvKEQPvzbVgmEdQ&scope=email+profile+https%3A%2F%2Fwww.googleapis.com%2Fauth%2Fuserinfo.email+https%3A%2F%2Fwww.googleapis.com%2Fauth%2Fuserinfo.profile+openid&authuser=0&prompt=none | BasePath: /webshop/public | URL Param: auth/google/callback
2026-01-14 13:14:06 | Method: GET | URI: /webshop/public/ | BasePath: /webshop/public | URL Param: NULL
2026-01-15 08:52:05 | Method: GET | URI: /webshop/public/warenkorb | BasePath: /webshop/public | URL Param: warenkorb
2026-01-15 08:52:08 | Method: GET | URI: /webshop/public/produkte | BasePath: /webshop/public | URL Param: produkte
2026-01-15 08:52:11 | Method: POST | URI: /webshop/public/warenkorb/hinzufuegen | BasePath: /webshop/public | URL Param: warenkorb/hinzufuegen
2026-01-15 08:52:11 | Method: GET | URI: /webshop/public/produkte | BasePath: /webshop/public | URL Param: produkte
2026-01-15 08:52:12 | Method: GET | URI: /webshop/public/warenkorb | BasePath: /webshop/public | URL Param: warenkorb
2026-01-15 08:52:13 | Method: GET | URI: /webshop/public/anmelden?redirect=/kasse | BasePath: /webshop/public | URL Param: anmelden
2026-01-15 08:52:15 | Method: GET | URI: /webshop/public/auth/google | BasePath: /webshop/public | URL Param: auth/google
2026-01-15 08:52:34 | Method: GET | URI: /webshop/public/auth/google/callback?code=4%2F0ASc3gC2RVDx0Rn-7RjFlKSOqI72uOE4IywkM7-hklbjrK6o3HxsWlJI7wFdAoaFTwScv3Q&scope=email+profile+openid+https%3A%2F%2Fwww.googleapis.com%2Fauth%2Fuserinfo.email+https%3A%2F%2Fwww.googleapis.com%2Fauth%2Fuserinfo.profile&authuser=0&prompt=none | BasePath: /webshop/public | URL Param: auth/google/callback
2026-01-15 08:52:35 | Method: GET | URI: /webshop/public/ | BasePath: /webshop/public | URL Param: NULL
2026-01-15 08:52:39 | Method: GET | URI: /webshop/public/warenkorb | BasePath: /webshop/public | URL Param: warenkorb
2026-01-15 08:52:41 | Method: GET | URI: /webshop/public/kasse | BasePath: /webshop/public | URL Param: kasse
2026-01-15 08:52:49 | Method: GET | URI: /Webshop/public/ | BasePath: /Webshop/public | URL Param: NULL
2026-01-15 09:44:29 | Method: GET | URI: /Webshop/public/ | BasePath: /Webshop/public | URL Param: NULL
2026-01-15 09:44:35 | Method: GET | URI: /Webshop/public/warenkorb | BasePath: /webshop/public | URL Param: warenkorb
2026-01-15 09:44:36 | Method: POST | URI: /webshop/public/warenkorb/entfernen | BasePath: /webshop/public | URL Param: warenkorb/entfernen
2026-01-15 09:44:36 | Method: GET | URI: /webshop/public/warenkorb | BasePath: /webshop/public | URL Param: warenkorb
2026-01-15 09:44:39 | Method: POST | URI: /webshop/public/warenkorb/entfernen | BasePath: /webshop/public | URL Param: warenkorb/entfernen
2026-01-15 09:44:39 | Method: GET | URI: /webshop/public/warenkorb | BasePath: /webshop/public | URL Param: warenkorb
2026-01-15 09:44:47 | Method: GET | URI: /webshop/public/produkte?kategorie=basketbaelle | BasePath: /webshop/public | URL Param: produkte
2026-01-15 09:44:53 | Method: GET | URI: /webshop/public/produkte?kategorie=caps-muetzen | BasePath: /webshop/public | URL Param: produkte
2026-01-15 09:44:55 | Method: GET | URI: /webshop/public/produkte?kategorie=hoodies-jacken | BasePath: /webshop/public | URL Param: produkte
2026-01-15 09:44:58 | Method: GET | URI: /webshop/public/produkte?kategorie=sneaker | BasePath: /webshop/public | URL Param: produkte
2026-01-15 09:56:35 | Method: GET | URI: /webshop/public/ | BasePath: /webshop/public | URL Param: NULL
2026-01-15 09:56:39 | Method: GET | URI: /webshop/public/produkte?kategorie=caps-muetzen | BasePath: /webshop/public | URL Param: produkte
2026-01-15 09:56:43 | Method: POST | URI: /webshop/public/warenkorb/hinzufuegen | BasePath: /webshop/public | URL Param: warenkorb/hinzufuegen
2026-01-15 09:56:43 | Method: GET | URI: /webshop/public/produkte?kategorie=caps-muetzen | BasePath: /webshop/public | URL Param: produkte
2026-01-15 09:56:44 | Method: GET | URI: /webshop/public/warenkorb | BasePath: /webshop/public | URL Param: warenkorb
2026-01-15 09:56:46 | Method: GET | URI: /webshop/public/kasse | BasePath: /webshop/public | URL Param: kasse
2026-01-15 10:04:46 | Method: GET | URI: /webshop/public/produkte | BasePath: /webshop/public | URL Param: produkte
2026-01-15 10:05:17 | Method: GET | URI: /webshop/public/produkte?kategorie=accessoires | BasePath: /webshop/public | URL Param: produkte
2026-01-15 10:05:33 | Method: GET | URI: /webshop/public/produkte?kategorie=sneaker | BasePath: /webshop/public | URL Param: produkte
2026-01-15 10:05:42 | Method: GET | URI: /webshop/public/produkte?kategorie=trikots | BasePath: /webshop/public | URL Param: produkte
2026-01-15 10:06:22 | Method: GET | URI: /webshop/public/produkte | BasePath: /webshop/public | URL Param: produkte
2026-01-15 10:07:16 | Method: GET | URI: /webshop/public/warenkorb | BasePath: /webshop/public | URL Param: warenkorb
2026-01-15 10:07:19 | Method: GET | URI: /webshop/public/ | BasePath: /webshop/public | URL Param: NULL
2026-01-15 10:08:25 | Method: GET | URI: /webshop/public/produkte?kategorie=accessoires | BasePath: /webshop/public | URL Param: produkte
2026-01-15 10:08:33 | Method: GET | URI: /webshop/public/produkte | BasePath: /webshop/public | URL Param: produkte
2026-01-15 10:11:47 | Method: GET | URI: /webshop/public/produkt/wilson-nba-drv-outdoor | BasePath: /webshop/public | URL Param: produkt/wilson-nba-drv-outdoor
2026-01-15 10:11:51 | Method: POST | URI: /webshop/public/warenkorb/hinzufuegen | BasePath: /webshop/public | URL Param: warenkorb/hinzufuegen
2026-01-15 10:11:51 | Method: GET | URI: /webshop/public/produkt/wilson-nba-drv-outdoor | BasePath: /webshop/public | URL Param: produkt/wilson-nba-drv-outdoor
2026-01-15 10:11:53 | Method: GET | URI: /webshop/public/warenkorb | BasePath: /webshop/public | URL Param: warenkorb
2026-01-15 10:11:55 | Method: GET | URI: /webshop/public/kasse | BasePath: /webshop/public | URL Param: kasse
2026-01-15 10:12:00 | Method: GET | URI: /webshop/public/ | BasePath: /webshop/public | URL Param: NULL
2026-01-16 13:29:00 | Method: GET | URI: /Webshop/public/ | BasePath: /Webshop/public | URL Param: NULL
2026-01-16 15:56:56 | Method: GET | URI: /Webshop/public/anmelden | BasePath: /webshop/public | URL Param: anmelden
2026-01-16 15:57:05 | Method: POST | URI: /webshop/public/anmelden | BasePath: /webshop/public | URL Param: anmelden
2026-01-16 15:57:05 | Method: GET | URI: /webshop/public/anmelden | BasePath: /webshop/public | URL Param: anmelden
2026-01-16 15:57:17 | Method: POST | URI: /webshop/public/anmelden | BasePath: /webshop/public | URL Param: anmelden
2026-01-16 15:57:17 | Method: GET | URI: /webshop/public/anmelden | BasePath: /webshop/public | URL Param: anmelden
2026-01-16 15:57:27 | Method: POST | URI: /webshop/public/anmelden | BasePath: /webshop/public | URL Param: anmelden
2026-01-16 15:57:27 | Method: GET | URI: /webshop/public/anmelden | BasePath: /webshop/public | URL Param: anmelden
2026-01-19 17:16:22 | Method: GET | URI: /Webshop/public/ | BasePath: /Webshop/public | URL Param: NULL
2026-01-19 17:18:14 | Method: GET | URI: /Webshop/public/anmelden | BasePath: /webshop/public | URL Param: anmelden
2026-01-19 17:18:16 | Method: GET | URI: /webshop/public/auth/google | BasePath: /webshop/public | URL Param: auth/google
2026-01-19 17:18:18 | Method: GET | URI: /webshop/public/auth/google/callback?code=4%2F0ASc3gC2jU7Tx5DOK3KiPDglwUIuvSe9A9QSE5z2uB6m2VDpZVHk-5Mq8cUDmaG-6vg0pVA&scope=email+profile+https%3A%2F%2Fwww.googleapis.com%2Fauth%2Fuserinfo.email+openid+https%3A%2F%2Fwww.googleapis.com%2Fauth%2Fuserinfo.profile&authuser=0&prompt=none | BasePath: /webshop/public | URL Param: auth/google/callback
2026-01-19 17:18:19 | Method: GET | URI: /webshop/public/ | BasePath: /webshop/public | URL Param: NULL
2026-01-19 17:18:27 | Method: GET | URI: /webshop/public/ | BasePath: /webshop/public | URL Param: NULL
2026-01-19 17:18:29 | Method: GET | URI: /webshop/public/warenkorb | BasePath: /webshop/public | URL Param: warenkorb
2026-01-19 17:18:34 | Method: GET | URI: /webshop/public/kasse | BasePath: /webshop/public | URL Param: kasse
2026-01-21 03:22:28 | Method: GET | URI: /webshop/public/warenkorb | BasePath: /webshop/public | URL Param: warenkorb
2026-01-21 03:22:38 | Method: GET | URI: /webshop/public/ | BasePath: /webshop/public | URL Param: NULL
2026-01-21 03:23:51 | Method: GET | URI: /webshop/public/ | BasePath: /webshop/public | URL Param: NULL
2026-01-21 03:26:12 | Method: GET | URI: /Webshop/public/ | BasePath: /Webshop/public | URL Param: NULL
2026-01-21 03:27:18 | Method: POST | URI: /webshop/public/anmelden | BasePath: /webshop/public | URL Param: anmelden
2026-01-21 03:27:46 | Method: POST | URI: /Webshop/public/anmelden | BasePath: /webshop/public | URL Param: anmelden
2026-01-21 03:28:42 | Method: GET | URI: /Webshop/public/ | BasePath: /Webshop/public | URL Param: NULL
2026-01-21 03:31:01 | Method: GET | URI: /Webshop/public/ | BasePath: /Webshop/public | URL Param: NULL
2026-01-21 03:31:24 | Method: GET | URI: /Webshop/public/ | BasePath: /Webshop/public | URL Param: NULL
2026-01-21 03:32:51 | Method: GET | URI: /webshop/public/ | BasePath: /webshop/public | URL Param: NULL
2026-01-21 03:35:36 | Method: GET | URI: /Webshop/public/ | BasePath: /Webshop/public | URL Param: NULL
2026-01-21 03:36:31 | Method: GET | URI: /Webshop/public/ | BasePath: /Webshop/public | URL Param: NULL
2026-01-21 03:36:38 | Method: GET | URI: /webshop/public/ | BasePath: /webshop/public | URL Param: NULL
2026-01-21 03:37:08 | Method: GET | URI: /webshop/public/index.php | BasePath: /webshop/public | URL Param: NULL
2026-01-21 03:37:13 | Method: GET | URI: /webshop/public/index.php | BasePath: /webshop/public | URL Param: NULL
2026-01-21 03:38:13 | Method: GET | URI: /webshop/public/ | BasePath: /webshop/public | URL Param: NULL
2026-01-21 03:39:22 | Method: GET | URI: /webshop/public/ | BasePath: /webshop/public | URL Param: NULL
2026-01-21 03:39:27 | Method: GET | URI: /Webshop/public/ | BasePath: /Webshop/public | URL Param: NULL
2026-01-21 03:39:31 | Method: GET | URI: /webshop/public/ | BasePath: /webshop/public | URL Param: NULL
2026-01-21 03:42:00 | Method: GET | URI: /Webshop/public/ | BasePath: /Webshop/public | URL Param: NULL
2026-01-21 03:42:02 | Method: GET | URI: /webshop/public/ | BasePath: /webshop/public | URL Param: NULL
2026-01-21 03:43:23 | Method: GET | URI: /webshop/public/index.php | BasePath: /webshop/public | URL Param: NULL
2026-01-21 03:44:20 | Method: GET | URI: /webshop/public/index.php | BasePath: /webshop/public | URL Param: NULL
2026-01-21 03:44:25 | Method: GET | URI: /webshop/public/ | BasePath: /webshop/public | URL Param: NULL
2026-01-21 03:44:42 | Method: GET | URI: /webshop/public/index.php | BasePath: /webshop/public | URL Param: NULL
2026-01-21 03:44:43 | Method: GET | URI: /webshop/public/index.php | BasePath: /webshop/public | URL Param: NULL
2026-01-21 03:46:57 | Method: GET | URI: /webshop/public/index.php | BasePath: /webshop/public | URL Param: NULL
2026-01-21 03:47:35 | Method: GET | URI: /webshop/public/index.php | BasePath: /webshop/public | URL Param: NULL
2026-01-21 03:47:54 | Method: GET | URI: /webshop/public/anmelden | BasePath: /webshop/public | URL Param: anmelden
2026-01-21 03:48:37 | Method: GET | URI: /Webshop/public/ | BasePath: /Webshop/public | URL Param: NULL
2026-01-21 03:50:00 | Method: GET | URI: /webshop/public/index.php | BasePath: /webshop/public | URL Param: NULL
2026-01-21 03:50:04 | Method: GET | URI: /webshop/public/ | BasePath: /webshop/public | URL Param: NULL
2026-01-21 03:50:14 | Method: GET | URI: /webshop/public/anmelden | BasePath: /webshop/public | URL Param: anmelden
2026-01-21 03:50:59 | Method: GET | URI: /webshop/public/index.php | BasePath: /webshop/public | URL Param: NULL
2026-01-21 03:51:08 | Method: GET | URI: /webshop/public/ | BasePath: /webshop/public | URL Param: NULL
2026-01-21 03:51:11 | Method: GET | URI: /webshop/public/anmelden | BasePath: /webshop/public | URL Param: anmelden
2026-01-21 03:51:19 | Method: POST | URI: /webshop/public/anmelden | BasePath: /webshop/public | URL Param: anmelden
2026-01-21 03:51:19 | Method: GET | URI: /webshop/public/ | BasePath: /webshop/public | URL Param: NULL
2026-01-21 03:51:24 | Method: GET | URI: /webshop/public/warenkorb | BasePath: /webshop/public | URL Param: warenkorb
2026-01-21 03:51:27 | Method: POST | URI: /webshop/public/warenkorb/aktualisieren | BasePath: /webshop/public | URL Param: warenkorb/aktualisieren
2026-01-21 03:51:27 | Method: GET | URI: /webshop/public/warenkorb | BasePath: /webshop/public | URL Param: warenkorb
2026-01-21 03:51:28 | Method: GET | URI: /webshop/public/ | BasePath: /webshop/public | URL Param: NULL
2026-01-21 03:51:30 | Method: GET | URI: /webshop/public/admin | BasePath: /webshop/public | URL Param: admin
2026-01-21 03:51:33 | Method: GET | URI: /webshop/public/admin/produkte | BasePath: /webshop/public | URL Param: admin/produkte
2026-01-21 03:54:45 | Method: GET | URI: /webshop/public/admin/produkte | BasePath: /webshop/public | URL Param: admin/produkte
2026-01-21 03:55:19 | Method: GET | URI: /webshop/public/admin/kategorien | BasePath: /webshop/public | URL Param: admin/kategorien
2026-01-21 03:55:21 | Method: GET | URI: /webshop/public/admin/kategorien/neu | BasePath: /webshop/public | URL Param: admin/kategorien/neu
2026-01-21 03:55:31 | Method: GET | URI: /webshop/public/ | BasePath: /webshop/public | URL Param: NULL
2026-01-21 03:55:35 | Method: GET | URI: /webshop/public/produkt/jordan-1-retro-chicago | BasePath: /webshop/public | URL Param: produkt/jordan-1-retro-chicago
2026-01-21 03:55:44 | Method: POST | URI: /webshop/public/bewertung/speichern | BasePath: /webshop/public | URL Param: bewertung/speichern
2026-01-21 03:57:32 | Method: GET | URI: /webshop/public/produkt/lebron-james-lakers-trikot | BasePath: /webshop/public | URL Param: produkt/lebron-james-lakers-trikot
2026-01-21 04:01:13 | Method: GET | URI: /webshop/public/produkt/lebron-james-lakers-trikot | BasePath: /webshop/public | URL Param: produkt/lebron-james-lakers-trikot
2026-01-21 04:01:21 | Method: POST | URI: /webshop/public/bewertungen | BasePath: /webshop/public | URL Param: bewertungen
2026-01-21 04:01:21 | Method: GET | URI: /webshop/public/produkt/lebron-james-lakers-trikot | BasePath: /webshop/public | URL Param: produkt/lebron-james-lakers-trikot
2026-01-21 04:02:40 | Method: GET | URI: /webshop/public/produkt/lebron-james-lakers-trikot | BasePath: /webshop/public | URL Param: produkt/lebron-james-lakers-trikot
2026-01-21 04:02:46 | Method: POST | URI: /webshop/public/bewertungen | BasePath: /webshop/public | URL Param: bewertungen
2026-01-21 04:02:46 | Method: GET | URI: /webshop/public/produkt/lebron-james-lakers-trikot | BasePath: /webshop/public | URL Param: produkt/lebron-james-lakers-trikot
2026-01-21 04:04:10 | Method: POST | URI: /webshop/public/bewertungen | BasePath: /webshop/public | URL Param: bewertungen
2026-01-21 04:04:10 | Method: GET | URI: /webshop/public/produkt/lebron-james-lakers-trikot | BasePath: /webshop/public | URL Param: produkt/lebron-james-lakers-trikot
2026-01-21 04:04:26 | Method: GET | URI: /webshop/public/admin | BasePath: /webshop/public | URL Param: admin
2026-01-21 04:04:29 | Method: GET | URI: /webshop/public/ | BasePath: /webshop/public | URL Param: NULL
2026-01-21 04:04:32 | Method: GET | URI: /webshop/public/produkte | BasePath: /webshop/public | URL Param: produkte
2026-01-21 04:04:35 | Method: GET | URI: /webshop/public/produkte?kategorie=hoodies-jacken | BasePath: /webshop/public | URL Param: produkte
2026-01-21 04:04:36 | Method: GET | URI: /webshop/public/produkt/lakers-essential-hoodie | BasePath: /webshop/public | URL Param: produkt/lakers-essential-hoodie
2026-01-21 04:04:42 | Method: POST | URI: /webshop/public/bewertungen | BasePath: /webshop/public | URL Param: bewertungen
2026-01-21 04:04:42 | Method: GET | URI: /webshop/public/produkt/lakers-essential-hoodie | BasePath: /webshop/public | URL Param: produkt/lakers-essential-hoodie
2026-01-21 04:05:09 | Method: GET | URI: /webshop/public/produkt/lakers-essential-hoodie | BasePath: /webshop/public | URL Param: produkt/lakers-essential-hoodie
2026-01-21 04:05:12 | Method: GET | URI: /webshop/public/produkte | BasePath: /webshop/public | URL Param: produkte
2026-01-21 04:06:56 | Method: GET | URI: /webshop/public/produkte | BasePath: /webshop/public | URL Param: produkte
2026-01-21 04:09:29 | Method: GET | URI: /webshop/public/produkt/lakers-sporttasche | BasePath: /webshop/public | URL Param: produkt/lakers-sporttasche
2026-01-21 04:09:40 | Method: POST | URI: /webshop/public/bewertungen | BasePath: /webshop/public | URL Param: bewertungen
2026-01-21 04:09:40 | Method: GET | URI: /webshop/public/produkt/lakers-sporttasche | BasePath: /webshop/public | URL Param: produkt/lakers-sporttasche
2026-01-21 04:11:24 | Method: GET | URI: /webshop/public/produkte | BasePath: /webshop/public | URL Param: produkte
2026-01-21 04:11:25 | Method: GET | URI: /webshop/public/produkt/nba-silikon-armband-set | BasePath: /webshop/public | URL Param: produkt/nba-silikon-armband-set
2026-01-21 04:11:37 | Method: GET | URI: /webshop/public/ | BasePath: /webshop/public | URL Param: NULL
2026-01-21 04:11:40 | Method: GET | URI: /webshop/public/produkte | BasePath: /webshop/public | URL Param: produkte
2026-01-21 04:11:42 | Method: GET | URI: /webshop/public/produkt/lakers-sporttasche | BasePath: /webshop/public | URL Param: produkt/lakers-sporttasche
2026-01-21 04:11:48 | Method: GET | URI: /webshop/public/produkt/nba-elite-socken-3pack | BasePath: /webshop/public | URL Param: produkt/nba-elite-socken-3pack
2026-01-21 04:11:55 | Method: GET | URI: /webshop/public/produkt/nba-logo-fleece-hoodie | BasePath: /webshop/public | URL Param: produkt/nba-logo-fleece-hoodie
2026-01-21 04:12:06 | Method: GET | URI: /webshop/public/produkt/bulls-courtside-jacket | BasePath: /webshop/public | URL Param: produkt/bulls-courtside-jacket
2026-01-21 04:12:11 | Method: GET | URI: /webshop/public/produkt/lakers-essential-hoodie | BasePath: /webshop/public | URL Param: produkt/lakers-essential-hoodie
2026-01-21 04:12:18 | Method: GET | URI: /webshop/public/produkt/spalding-mini-lakers | BasePath: /webshop/public | URL Param: produkt/spalding-mini-lakers
2026-01-21 04:12:25 | Method: GET | URI: /webshop/public/produkt/wilson-nba-drv-outdoor | BasePath: /webshop/public | URL Param: produkt/wilson-nba-drv-outdoor
2026-01-21 04:12:33 | Method: GET | URI: /webshop/public/produkt/spalding-nba-official | BasePath: /webshop/public | URL Param: produkt/spalding-nba-official
2026-01-21 04:12:40 | Method: POST | URI: /webshop/public/bewertungen/hilfreich | BasePath: /webshop/public | URL Param: bewertungen/hilfreich
2026-01-21 04:12:40 | Method: GET | URI: /webshop/public/produkt/spalding-nba-official | BasePath: /webshop/public | URL Param: produkt/spalding-nba-official
2026-01-21 04:13:38 | Method: POST | URI: /webshop/public/bewertungen | BasePath: /webshop/public | URL Param: bewertungen
2026-01-21 04:13:38 | Method: GET | URI: /webshop/public/produkt/spalding-nba-official | BasePath: /webshop/public | URL Param: produkt/spalding-nba-official
2026-01-21 04:16:22 | Method: GET | URI: /webshop/public/produkt/spalding-nba-official | BasePath: /webshop/public | URL Param: produkt/spalding-nba-official
2026-01-21 04:16:26 | Method: GET | URI: /webshop/public/produkt/spalding-nba-official | BasePath: /webshop/public | URL Param: produkt/spalding-nba-official
2026-01-21 04:16:27 | Method: GET | URI: /webshop/public/produkt/spalding-nba-official | BasePath: /webshop/public | URL Param: produkt/spalding-nba-official
2026-01-21 04:16:27 | Method: GET | URI: /webshop/public/produkt/spalding-nba-official | BasePath: /webshop/public | URL Param: produkt/spalding-nba-official
2026-01-21 04:17:07 | Method: GET | URI: /webshop/public/produkt/spalding-nba-official | BasePath: /webshop/public | URL Param: produkt/spalding-nba-official
2026-01-21 04:17:15 | Method: GET | URI: /webshop/public/produkte | BasePath: /webshop/public | URL Param: produkte
2026-01-21 04:17:18 | Method: GET | URI: /webshop/public/produkt/spalding-nba-official | BasePath: /webshop/public | URL Param: produkt/spalding-nba-official
2026-01-21 04:17:37 | Method: GET | URI: /webshop/public/produkt/spalding-nba-official | BasePath: /webshop/public | URL Param: produkt/spalding-nba-official
2026-01-21 04:17:57 | Method: GET | URI: /webshop/public/produkt/spalding-nba-official | BasePath: /webshop/public | URL Param: produkt/spalding-nba-official
2026-01-21 04:19:29 | Method: GET | URI: /webshop/public/ | BasePath: /webshop/public | URL Param: NULL
2026-01-21 04:22:19 | Method: GET | URI: /webshop/public/produkte?kategorie=basketbaelle | BasePath: /webshop/public | URL Param: produkte
2026-01-21 04:22:21 | Method: GET | URI: /webshop/public/produkt/spalding-nba-official | BasePath: /webshop/public | URL Param: produkt/spalding-nba-official
2026-01-21 04:22:32 | Method: GET | URI: /webshop/public/produkt/spalding-nba-official?sort=highest | BasePath: /webshop/public | URL Param: produkt/spalding-nba-official
2026-01-21 04:22:51 | Method: GET | URI: /webshop/public/warenkorb | BasePath: /webshop/public | URL Param: warenkorb
2026-01-21 04:22:52 | Method: GET | URI: /webshop/public/kasse | BasePath: /webshop/public | URL Param: kasse
2026-01-21 04:23:22 | Method: POST | URI: /webshop/public/kasse | BasePath: /webshop/public | URL Param: kasse
2026-01-21 04:23:22 | Method: GET | URI: /webshop/public/kasse | BasePath: /webshop/public | URL Param: kasse
2026-01-21 04:23:27 | Method: GET | URI: /webshop/public/abmelden | BasePath: /webshop/public | URL Param: abmelden
2026-01-21 04:23:27 | Method: GET | URI: /webshop/public/ | BasePath: /webshop/public | URL Param: NULL
2026-01-21 04:23:29 | Method: GET | URI: /webshop/public/anmelden | BasePath: /webshop/public | URL Param: anmelden
2026-01-21 04:23:42 | Method: POST | URI: /webshop/public/anmelden | BasePath: /webshop/public | URL Param: anmelden
2026-01-21 04:23:43 | Method: GET | URI: /webshop/public/ | BasePath: /webshop/public | URL Param: NULL
2026-01-21 04:23:47 | Method: GET | URI: /webshop/public/warenkorb | BasePath: /webshop/public | URL Param: warenkorb
2026-01-21 04:23:49 | Method: POST | URI: /webshop/public/warenkorb/aktualisieren | BasePath: /webshop/public | URL Param: warenkorb/aktualisieren
2026-01-21 04:23:49 | Method: GET | URI: /webshop/public/warenkorb | BasePath: /webshop/public | URL Param: warenkorb
2026-01-21 04:23:52 | Method: GET | URI: /webshop/public/kasse | BasePath: /webshop/public | URL Param: kasse
2026-01-21 04:24:12 | Method: POST | URI: /webshop/public/kasse | BasePath: /webshop/public | URL Param: kasse
2026-01-21 04:24:12 | Method: GET | URI: /webshop/public/kasse | BasePath: /webshop/public | URL Param: kasse
2026-01-21 04:25:38 | Method: GET | URI: /webshop/public/ | BasePath: /webshop/public | URL Param: NULL
2026-01-21 04:25:49 | Method: GET | URI: /webshop/public/warenkorb | BasePath: /webshop/public | URL Param: warenkorb
2026-01-21 04:25:50 | Method: GET | URI: /webshop/public/kasse | BasePath: /webshop/public | URL Param: kasse
2026-01-21 04:26:05 | Method: POST | URI: /webshop/public/kasse | BasePath: /webshop/public | URL Param: kasse
2026-01-21 04:26:05 | Method: GET | URI: /webshop/public/bestellungen/ORD-2026-0004 | BasePath: /webshop/public | URL Param: bestellungen/ORD-2026-0004
2026-01-21 04:31:32 | Method: GET | URI: /webshop/public/ | BasePath: /webshop/public | URL Param: NULL
2026-01-21 04:31:36 | Method: GET | URI: /webshop/public/bestellungen | BasePath: /webshop/public | URL Param: bestellungen
2026-01-21 04:31:43 | Method: GET | URI: /webshop/public/produkte?kategorie=accessoires | BasePath: /webshop/public | URL Param: produkte
2026-01-21 04:31:45 | Method: GET | URI: /webshop/public/produkt/lakers-sporttasche | BasePath: /webshop/public | URL Param: produkt/lakers-sporttasche
2026-01-21 04:31:48 | Method: POST | URI: /webshop/public/warenkorb/hinzufuegen | BasePath: /webshop/public | URL Param: warenkorb/hinzufuegen
2026-01-21 04:31:48 | Method: GET | URI: /webshop/public/produkt/lakers-sporttasche | BasePath: /webshop/public | URL Param: produkt/lakers-sporttasche
2026-01-21 04:31:50 | Method: GET | URI: /webshop/public/warenkorb | BasePath: /webshop/public | URL Param: warenkorb
2026-01-21 04:31:52 | Method: GET | URI: /webshop/public/kasse | BasePath: /webshop/public | URL Param: kasse
2026-01-21 04:32:08 | Method: POST | URI: /webshop/public/kasse | BasePath: /webshop/public | URL Param: kasse
2026-01-21 04:32:08 | Method: GET | URI: /webshop/public/zahlung/paypal/ORD-2026-0005 | BasePath: /webshop/public | URL Param: zahlung/paypal/ORD-2026-0005
2026-01-21 04:32:15 | Method: POST | URI: /webshop/public/kasse | BasePath: /webshop/public | URL Param: kasse
2026-01-21 04:32:15 | Method: GET | URI: /webshop/public/warenkorb | BasePath: /webshop/public | URL Param: warenkorb
2026-01-21 04:33:15 | Method: GET | URI: /webshop/public/ | BasePath: /webshop/public | URL Param: NULL
2026-01-21 04:33:22 | Method: GET | URI: /webshop/public/produkte | BasePath: /webshop/public | URL Param: produkte
2026-01-21 04:33:30 | Method: POST | URI: /webshop/public/warenkorb/hinzufuegen | BasePath: /webshop/public | URL Param: warenkorb/hinzufuegen
2026-01-21 04:33:30 | Method: GET | URI: /webshop/public/produkte | BasePath: /webshop/public | URL Param: produkte
2026-01-21 04:33:38 | Method: GET | URI: /webshop/public/warenkorb | BasePath: /webshop/public | URL Param: warenkorb
2026-01-21 04:33:45 | Method: GET | URI: /webshop/public/kasse | BasePath: /webshop/public | URL Param: kasse
2026-01-21 04:36:15 | Method: GET | URI: /webshop/public/bestellungen | BasePath: /webshop/public | URL Param: bestellungen
2026-01-21 04:36:21 | Method: GET | URI: /webshop/public/bestellungen/ORD-2026-0005 | BasePath: /webshop/public | URL Param: bestellungen/ORD-2026-0005
2026-01-21 04:37:14 | Method: GET | URI: /webshop/public/warenkorb | BasePath: /webshop/public | URL Param: warenkorb
2026-01-21 04:37:15 | Method: GET | URI: /webshop/public/kasse | BasePath: /webshop/public | URL Param: kasse
2026-01-21 04:37:29 | Method: POST | URI: /webshop/public/warenkorb/aktualisieren | BasePath: /webshop/public | URL Param: warenkorb/aktualisieren
2026-01-21 04:37:29 | Method: GET | URI: /webshop/public/warenkorb | BasePath: /webshop/public | URL Param: warenkorb
2026-01-21 04:37:31 | Method: POST | URI: /webshop/public/warenkorb/aktualisieren | BasePath: /webshop/public | URL Param: warenkorb/aktualisieren
2026-01-21 04:37:31 | Method: GET | URI: /webshop/public/warenkorb | BasePath: /webshop/public | URL Param: warenkorb
2026-01-21 04:37:32 | Method: POST | URI: /webshop/public/warenkorb/aktualisieren | BasePath: /webshop/public | URL Param: warenkorb/aktualisieren
2026-01-21 04:37:32 | Method: GET | URI: /webshop/public/warenkorb | BasePath: /webshop/public | URL Param: warenkorb
2026-01-21 04:37:35 | Method: GET | URI: /webshop/public/produkte | BasePath: /webshop/public | URL Param: produkte
2026-01-21 04:37:36 | Method: GET | URI: /webshop/public/produkt/lakers-sporttasche | BasePath: /webshop/public | URL Param: produkt/lakers-sporttasche
2026-01-21 04:37:40 | Method: POST | URI: /webshop/public/warenkorb/hinzufuegen | BasePath: /webshop/public | URL Param: warenkorb/hinzufuegen
2026-01-21 04:37:40 | Method: GET | URI: /webshop/public/produkt/lakers-sporttasche | BasePath: /webshop/public | URL Param: produkt/lakers-sporttasche
2026-01-21 04:37:42 | Method: GET | URI: /webshop/public/warenkorb | BasePath: /webshop/public | URL Param: warenkorb
2026-01-21 04:37:49 | Method: POST | URI: /webshop/public/warenkorb/aktualisieren | BasePath: /webshop/public | URL Param: warenkorb/aktualisieren
2026-01-21 04:37:49 | Method: GET | URI: /webshop/public/warenkorb | BasePath: /webshop/public | URL Param: warenkorb
2026-01-21 04:37:50 | Method: POST | URI: /webshop/public/warenkorb/aktualisieren | BasePath: /webshop/public | URL Param: warenkorb/aktualisieren
2026-01-21 04:37:50 | Method: GET | URI: /webshop/public/warenkorb | BasePath: /webshop/public | URL Param: warenkorb
2026-01-21 04:37:52 | Method: POST | URI: /webshop/public/warenkorb/aktualisieren | BasePath: /webshop/public | URL Param: warenkorb/aktualisieren
2026-01-21 04:37:52 | Method: GET | URI: /webshop/public/warenkorb | BasePath: /webshop/public | URL Param: warenkorb
2026-01-21 04:37:55 | Method: POST | URI: /webshop/public/warenkorb/aktualisieren | BasePath: /webshop/public | URL Param: warenkorb/aktualisieren
2026-01-21 04:37:55 | Method: GET | URI: /webshop/public/warenkorb | BasePath: /webshop/public | URL Param: warenkorb
2026-01-21 04:37:56 | Method: POST | URI: /webshop/public/warenkorb/aktualisieren | BasePath: /webshop/public | URL Param: warenkorb/aktualisieren
2026-01-21 04:37:56 | Method: GET | URI: /webshop/public/warenkorb | BasePath: /webshop/public | URL Param: warenkorb
2026-01-21 04:38:06 | Method: GET | URI: /webshop/public/produkte | BasePath: /webshop/public | URL Param: produkte
2026-01-21 04:38:08 | Method: GET | URI: /webshop/public/produkt/nba-elite-socken-3pack | BasePath: /webshop/public | URL Param: produkt/nba-elite-socken-3pack
2026-01-21 04:38:10 | Method: POST | URI: /webshop/public/warenkorb/hinzufuegen | BasePath: /webshop/public | URL Param: warenkorb/hinzufuegen
2026-01-21 04:38:10 | Method: GET | URI: /webshop/public/produkt/nba-elite-socken-3pack | BasePath: /webshop/public | URL Param: produkt/nba-elite-socken-3pack
2026-01-21 04:38:11 | Method: GET | URI: /webshop/public/warenkorb | BasePath: /webshop/public | URL Param: warenkorb
2026-01-21 04:38:13 | Method: POST | URI: /webshop/public/warenkorb/aktualisieren | BasePath: /webshop/public | URL Param: warenkorb/aktualisieren
2026-01-21 04:38:13 | Method: GET | URI: /webshop/public/warenkorb | BasePath: /webshop/public | URL Param: warenkorb
2026-01-21 04:38:15 | Method: GET | URI: /webshop/public/kasse | BasePath: /webshop/public | URL Param: kasse
2026-01-21 04:38:27 | Method: POST | URI: /webshop/public/kasse | BasePath: /webshop/public | URL Param: kasse
2026-01-21 04:38:27 | Method: GET | URI: /webshop/public/zahlung/paypal/ORD-2026-0006 | BasePath: /webshop/public | URL Param: zahlung/paypal/ORD-2026-0006
2026-01-21 04:38:40 | Method: POST | URI: /webshop/public/zahlung/paypal/ORD-2026-0006 | BasePath: /webshop/public | URL Param: zahlung/paypal/ORD-2026-0006
2026-01-21 04:38:40 | Method: GET | URI: /webshop/public/bestellungen/ORD-2026-0006 | BasePath: /webshop/public | URL Param: bestellungen/ORD-2026-0006
2026-01-21 04:39:54 | Method: GET | URI: /webshop/public/produkte | BasePath: /webshop/public | URL Param: produkte
2026-01-21 04:39:56 | Method: GET | URI: /webshop/public/produkt/nba-elite-socken-3pack | BasePath: /webshop/public | URL Param: produkt/nba-elite-socken-3pack
2026-01-21 04:39:58 | Method: POST | URI: /webshop/public/warenkorb/hinzufuegen | BasePath: /webshop/public | URL Param: warenkorb/hinzufuegen
2026-01-21 04:39:58 | Method: GET | URI: /webshop/public/produkt/nba-elite-socken-3pack | BasePath: /webshop/public | URL Param: produkt/nba-elite-socken-3pack
2026-01-21 04:39:59 | Method: GET | URI: /webshop/public/warenkorb | BasePath: /webshop/public | URL Param: warenkorb
2026-01-21 04:40:03 | Method: POST | URI: /webshop/public/warenkorb/aktualisieren | BasePath: /webshop/public | URL Param: warenkorb/aktualisieren
2026-01-21 04:40:03 | Method: GET | URI: /webshop/public/warenkorb | BasePath: /webshop/public | URL Param: warenkorb
2026-01-21 04:40:06 | Method: POST | URI: /webshop/public/warenkorb/aktualisieren | BasePath: /webshop/public | URL Param: warenkorb/aktualisieren
2026-01-21 04:40:06 | Method: GET | URI: /webshop/public/warenkorb | BasePath: /webshop/public | URL Param: warenkorb
2026-01-21 04:42:15 | Method: POST | URI: /webshop/public/warenkorb/aktualisieren | BasePath: /webshop/public | URL Param: warenkorb/aktualisieren
2026-01-21 04:42:15 | Method: GET | URI: /webshop/public/warenkorb | BasePath: /webshop/public | URL Param: warenkorb
2026-01-21 04:42:19 | Method: POST | URI: /webshop/public/warenkorb/aktualisieren | BasePath: /webshop/public | URL Param: warenkorb/aktualisieren
2026-01-21 04:42:19 | Method: GET | URI: /webshop/public/warenkorb | BasePath: /webshop/public | URL Param: warenkorb
2026-01-21 04:42:20 | Method: POST | URI: /webshop/public/warenkorb/aktualisieren | BasePath: /webshop/public | URL Param: warenkorb/aktualisieren
2026-01-21 04:42:20 | Method: GET | URI: /webshop/public/warenkorb | BasePath: /webshop/public | URL Param: warenkorb
2026-01-21 04:45:05 | Method: GET | URI: /webshop/public/bestellungen/ORD-2026-0006 | BasePath: /webshop/public | URL Param: bestellungen/ORD-2026-0006
2026-01-21 04:45:09 | Method: GET | URI: /webshop/public/ | BasePath: /webshop/public | URL Param: NULL
2026-01-21 04:45:11 | Method: GET | URI: /webshop/public/produkte?kategorie=accessoires | BasePath: /webshop/public | URL Param: produkte
2026-01-21 04:45:13 | Method: GET | URI: /webshop/public/produkt/nba-elite-socken-3pack | BasePath: /webshop/public | URL Param: produkt/nba-elite-socken-3pack
2026-01-21 04:45:14 | Method: POST | URI: /webshop/public/warenkorb/hinzufuegen | BasePath: /webshop/public | URL Param: warenkorb/hinzufuegen
2026-01-21 04:45:14 | Method: GET | URI: /webshop/public/produkt/nba-elite-socken-3pack | BasePath: /webshop/public | URL Param: produkt/nba-elite-socken-3pack
2026-01-21 04:45:16 | Method: GET | URI: /webshop/public/warenkorb | BasePath: /webshop/public | URL Param: warenkorb
2026-01-21 04:45:19 | Method: POST | URI: /webshop/public/warenkorb/aktualisieren | BasePath: /webshop/public | URL Param: warenkorb/aktualisieren
2026-01-21 04:45:19 | Method: GET | URI: /webshop/public/warenkorb | BasePath: /webshop/public | URL Param: warenkorb
2026-01-21 04:45:23 | Method: POST | URI: /webshop/public/warenkorb/aktualisieren | BasePath: /webshop/public | URL Param: warenkorb/aktualisieren
2026-01-21 04:45:23 | Method: GET | URI: /webshop/public/warenkorb | BasePath: /webshop/public | URL Param: warenkorb
2026-01-21 04:45:25 | Method: POST | URI: /webshop/public/warenkorb/entfernen | BasePath: /webshop/public | URL Param: warenkorb/entfernen
2026-01-21 04:45:25 | Method: GET | URI: /webshop/public/warenkorb | BasePath: /webshop/public | URL Param: warenkorb
2026-01-21 04:45:28 | Method: GET | URI: /webshop/public/produkte?kategorie=accessoires | BasePath: /webshop/public | URL Param: produkte
2026-01-21 04:45:29 | Method: GET | URI: /webshop/public/produkt/nba-elite-socken-3pack | BasePath: /webshop/public | URL Param: produkt/nba-elite-socken-3pack
2026-01-21 04:45:30 | Method: POST | URI: /webshop/public/warenkorb/hinzufuegen | BasePath: /webshop/public | URL Param: warenkorb/hinzufuegen
2026-01-21 04:45:30 | Method: GET | URI: /webshop/public/produkt/nba-elite-socken-3pack | BasePath: /webshop/public | URL Param: produkt/nba-elite-socken-3pack
2026-01-21 04:45:32 | Method: GET | URI: /webshop/public/warenkorb | BasePath: /webshop/public | URL Param: warenkorb
2026-01-21 04:46:37 | Method: POST | URI: /webshop/public/warenkorb/aktualisieren | BasePath: /webshop/public | URL Param: warenkorb/aktualisieren
2026-01-21 04:46:37 | Method: GET | URI: /webshop/public/warenkorb | BasePath: /webshop/public | URL Param: warenkorb
2026-01-21 04:46:39 | Method: POST | URI: /webshop/public/warenkorb/aktualisieren | BasePath: /webshop/public | URL Param: warenkorb/aktualisieren
2026-01-21 04:46:39 | Method: GET | URI: /webshop/public/warenkorb | BasePath: /webshop/public | URL Param: warenkorb
2026-01-21 04:46:40 | Method: GET | URI: /webshop/public/kasse | BasePath: /webshop/public | URL Param: kasse
2026-01-21 04:46:51 | Method: POST | URI: /webshop/public/kasse | BasePath: /webshop/public | URL Param: kasse
2026-01-21 04:46:51 | Method: GET | URI: /webshop/public/zahlung/kreditkarte/ORD-2026-0007 | BasePath: /webshop/public | URL Param: zahlung/kreditkarte/ORD-2026-0007
2026-01-21 04:47:12 | Method: POST | URI: /webshop/public/zahlung/kreditkarte/ORD-2026-0007 | BasePath: /webshop/public | URL Param: zahlung/kreditkarte/ORD-2026-0007
2026-01-21 04:47:12 | Method: GET | URI: /webshop/public/bestellungen/ORD-2026-0007 | BasePath: /webshop/public | URL Param: bestellungen/ORD-2026-0007
2026-01-21 04:47:16 | Method: GET | URI: /webshop/public/bestellungen | BasePath: /webshop/public | URL Param: bestellungen
2026-01-21 04:47:20 | Method: GET | URI: /webshop/public/bestellungen/ORD-2026-0007 | BasePath: /webshop/public | URL Param: bestellungen/ORD-2026-0007
2026-01-21 04:47:34 | Method: GET | URI: /webshop/public/produkte?kategorie=hoodies-jacken | BasePath: /webshop/public | URL Param: produkte
2026-01-21 04:47:36 | Method: POST | URI: /webshop/public/warenkorb/hinzufuegen | BasePath: /webshop/public | URL Param: warenkorb/hinzufuegen
2026-01-21 04:47:36 | Method: GET | URI: /webshop/public/produkte?kategorie=hoodies-jacken | BasePath: /webshop/public | URL Param: produkte
2026-01-21 04:47:39 | Method: GET | URI: /webshop/public/warenkorb | BasePath: /webshop/public | URL Param: warenkorb
2026-01-21 04:47:40 | Method: GET | URI: /webshop/public/produkt/bulls-courtside-jacket | BasePath: /webshop/public | URL Param: produkt/bulls-courtside-jacket
2026-01-21 04:48:26 | Method: GET | URI: /webshop/public/abmelden | BasePath: /webshop/public | URL Param: abmelden
2026-01-21 04:48:26 | Method: GET | URI: /webshop/public/ | BasePath: /webshop/public | URL Param: NULL
2026-01-21 04:48:29 | Method: GET | URI: /webshop/public/anmelden | BasePath: /webshop/public | URL Param: anmelden
2026-01-21 04:48:39 | Method: POST | URI: /webshop/public/anmelden | BasePath: /webshop/public | URL Param: anmelden
2026-01-21 04:48:40 | Method: GET | URI: /webshop/public/ | BasePath: /webshop/public | URL Param: NULL
2026-01-21 04:48:45 | Method: GET | URI: /webshop/public/warenkorb | BasePath: /webshop/public | URL Param: warenkorb
2026-01-21 04:48:51 | Method: GET | URI: /webshop/public/bestellungen | BasePath: /webshop/public | URL Param: bestellungen
2026-01-21 04:48:53 | Method: GET | URI: /webshop/public/bestellungen/ORD-2026-0007 | BasePath: /webshop/public | URL Param: bestellungen/ORD-2026-0007
2026-01-21 04:49:02 | Method: GET | URI: /webshop/public/produkte?kategorie=basketbaelle | BasePath: /webshop/public | URL Param: produkte
2026-01-21 04:49:09 | Method: GET | URI: /webshop/public/abmelden | BasePath: /webshop/public | URL Param: abmelden
2026-01-21 04:49:09 | Method: GET | URI: /webshop/public/ | BasePath: /webshop/public | URL Param: NULL
2026-01-21 04:49:11 | Method: GET | URI: /webshop/public/anmelden | BasePath: /webshop/public | URL Param: anmelden
2026-01-21 04:49:13 | Method: GET | URI: /webshop/public/auth/google | BasePath: /webshop/public | URL Param: auth/google
2026-01-21 04:49:13 | Method: GET | URI: /webshop/public/anmelden | BasePath: /webshop/public | URL Param: anmelden
2026-01-21 04:49:21 | Method: GET | URI: /webshop/public/auth/google | BasePath: /webshop/public | URL Param: auth/google
2026-01-21 04:49:21 | Method: GET | URI: /webshop/public/anmelden | BasePath: /webshop/public | URL Param: anmelden
2026-01-21 04:49:28 | Method: GET | URI: /webshop/public/auth/google | BasePath: /webshop/public | URL Param: auth/google
2026-01-21 04:49:28 | Method: GET | URI: /webshop/public/anmelden | BasePath: /webshop/public | URL Param: anmelden
2026-01-21 05:09:49 | Method: GET | URI: /webshop/public/produkte?kategorie=accessoires | BasePath: /webshop/public | URL Param: produkte
2026-01-21 05:09:51 | Method: GET | URI: /webshop/public/anmelden | BasePath: /webshop/public | URL Param: anmelden
2026-01-21 05:09:58 | Method: POST | URI: /webshop/public/anmelden | BasePath: /webshop/public | URL Param: anmelden
2026-01-21 05:09:58 | Method: GET | URI: /webshop/public/ | BasePath: /webshop/public | URL Param: NULL
2026-01-21 05:10:01 | Method: GET | URI: /webshop/public/produkte?kategorie=hoodies-jacken | BasePath: /webshop/public | URL Param: produkte
2026-01-21 05:10:02 | Method: GET | URI: /webshop/public/produkt/lakers-essential-hoodie | BasePath: /webshop/public | URL Param: produkt/lakers-essential-hoodie
2026-01-21 05:10:03 | Method: POST | URI: /webshop/public/warenkorb/hinzufuegen | BasePath: /webshop/public | URL Param: warenkorb/hinzufuegen
2026-01-21 05:10:04 | Method: GET | URI: /webshop/public/produkt/lakers-essential-hoodie | BasePath: /webshop/public | URL Param: produkt/lakers-essential-hoodie
2026-01-21 05:10:07 | Method: GET | URI: /webshop/public/warenkorb | BasePath: /webshop/public | URL Param: warenkorb
2026-01-21 05:10:08 | Method: GET | URI: /webshop/public/kasse | BasePath: /webshop/public | URL Param: kasse
